epoch,accuracy,f1_score,get_f1,loss,val_accuracy,val_f1_score,val_get_f1,val_loss
0,0.7262012958526611,0.6388994455337524,0.6333783268928528,0.5466778874397278,0.6755287051200867,0.2510457932949066,0.231754869222641,0.5874198079109192
1,0.7715321779251099,0.6792528033256531,0.6766063570976257,0.4726755917072296,0.6761329174041748,0.6798084378242493,0.6730416417121887,0.5554975867271423
2,0.7886068224906921,0.7015143036842346,0.6998464465141296,0.44034287333488464,0.791540801525116,0.7372424602508545,0.733252227306366,0.4223772883415222
3,0.7949531674385071,0.7134102582931519,0.7094306349754333,0.4189728796482086,0.8223565220832825,0.7447910904884338,0.7394171953201294,0.38485902547836304
4,0.8059836626052856,0.7278502583503723,0.7254494428634644,0.4089755117893219,0.8078550100326538,0.7601805329322815,0.754483163356781,0.3998188078403473
5,0.814445436000824,0.7396093606948853,0.7364314198493958,0.3985764682292938,0.8241691589355469,0.7560766339302063,0.7470265030860901,0.3698211908340454
6,0.8176186084747314,0.741596519947052,0.7413548231124878,0.3937215507030487,0.7939577102661133,0.7370851039886475,0.729536771774292,0.42253682017326355
7,0.8173164129257202,0.7424914240837097,0.7414867877960205,0.3826041519641876,0.825981855392456,0.7563446760177612,0.7453335523605347,0.3689780533313751
8,0.8250226378440857,0.7544524073600769,0.7489843964576721,0.38188180327415466,0.8332326412200928,0.7788457274436951,0.7745435237884521,0.3645566403865814
9,0.8244182467460632,0.7550585269927979,0.7509747743606567,0.37276673316955566,0.8362537622451782,0.7701436877250671,0.7606140971183777,0.3701620399951935
10,0.8369597792625427,0.7719293832778931,0.7710536122322083,0.3579304814338684,0.8314199447631836,0.7962011098861694,0.7897720336914062,0.3703286945819855
11,0.8390752673149109,0.7756472229957581,0.7732401490211487,0.35882100462913513,0.8525679707527161,0.7935696840286255,0.7887834310531616,0.3352452516555786
12,0.8336355686187744,0.767769992351532,0.7638837099075317,0.3576253652572632,0.8072507381439209,0.7645751237869263,0.7554897665977478,0.3901355266571045
13,0.8430039286613464,0.7834058403968811,0.7808007001876831,0.34600308537483215,0.7752265930175781,0.7562248706817627,0.7506136298179626,0.4433392286300659
14,0.8467814922332764,0.7852599620819092,0.7823517918586731,0.33947721123695374,0.8398791551589966,0.7756133675575256,0.7724205851554871,0.3535363972187042
15,0.8437594175338745,0.7828638553619385,0.7779211401939392,0.34227776527404785,0.8380664587020874,0.7452466487884521,0.7333215475082397,0.3416694104671478
16,0.8475370407104492,0.7859107851982117,0.78177410364151,0.3388572037220001,0.8658609986305237,0.8180322647094727,0.8140438795089722,0.312014102935791
17,0.8501057624816895,0.7915961742401123,0.7878586649894714,0.33778977394104004,0.8598187565803528,0.8043839335441589,0.7969729900360107,0.3318643569946289
18,0.8416439890861511,0.7804771065711975,0.7794781923294067,0.34077218174934387,0.8465256690979004,0.7883328795433044,0.7826627492904663,0.33999693393707275
19,0.8534300327301025,0.7968155741691589,0.7929675579071045,0.3278159201145172,0.8416918516159058,0.7631097435951233,0.758195161819458,0.36737149953842163
20,0.8572075963020325,0.8019278049468994,0.800554633140564,0.3189331591129303,0.8555891513824463,0.8119585514068604,0.8074737787246704,0.3427146375179291
21,0.8606829643249512,0.8070316910743713,0.8041306734085083,0.3152385652065277,0.8598187565803528,0.8010286688804626,0.7954428195953369,0.3143456280231476
22,0.8573586940765381,0.8006752133369446,0.7972403764724731,0.31640851497650146,0.8447129726409912,0.7891709208488464,0.7831910252571106,0.3409385085105896
23,0.8532789349555969,0.7961364388465881,0.7929566502571106,0.310883492231369,0.8537764549255371,0.7966381311416626,0.7916289567947388,0.3312382102012634
24,0.8608340620994568,0.8080844879150391,0.8056358098983765,0.30722862482070923,0.8138972520828247,0.7416102886199951,0.7363299131393433,0.40934309363365173
25,0.8641583323478699,0.8119634985923767,0.8085753321647644,0.3066781759262085,0.8410876393318176,0.7535140514373779,0.7446397542953491,0.3526376783847809
26,0.861438512802124,0.8071498274803162,0.80414879322052,0.3158115744590759,0.8537764549255371,0.8100466132164001,0.8087400197982788,0.3391152322292328
27,0.8661227226257324,0.8144885897636414,0.8125720024108887,0.3028178811073303,0.8549848794937134,0.7860957980155945,0.7798535823822021,0.3332612216472626
28,0.8709579706192017,0.8211138844490051,0.8187734484672546,0.2915906310081482,0.8682779669761658,0.8123919367790222,0.8094004988670349,0.30523058772087097
29,0.8655182719230652,0.8129461407661438,0.8105108141899109,0.2999494969844818,0.8495468497276306,0.7977249026298523,0.7911432981491089,0.3428809642791748
30,0.8682381510734558,0.8187858462333679,0.8167364597320557,0.29654160141944885,0.8628398776054382,0.8131682276725769,0.8129626512527466,0.3173527419567108
31,0.8788153529167175,0.833747386932373,0.8327941298484802,0.281217485666275,0.8634440898895264,0.8153589963912964,0.8121516704559326,0.3281393051147461
32,0.8813840746879578,0.8373051881790161,0.8338024616241455,0.27990034222602844,0.8622356653213501,0.8149345517158508,0.8127266764640808,0.3232695162296295
33,0.8720157146453857,0.8246734738349915,0.8202998042106628,0.28659453988075256,0.869486391544342,0.8280249834060669,0.8281162977218628,0.31155577301979065
34,0.8788153529167175,0.8342970609664917,0.8309180736541748,0.2747330069541931,0.8574017882347107,0.8065568208694458,0.8029590845108032,0.31660163402557373
35,0.8822907209396362,0.8401389718055725,0.8374952077865601,0.268160879611969,0.8332326412200928,0.7770592570304871,0.7691662311553955,0.3717880845069885
36,0.8834995627403259,0.8400741815567017,0.8365939259529114,0.27180302143096924,0.8459214568138123,0.7911543250083923,0.7836084365844727,0.353314608335495
37,0.8779087066650391,0.832503616809845,0.8291337490081787,0.27664056420326233,0.8676736950874329,0.8194553256034851,0.8161807656288147,0.31402334570884705
38,0.8899970054626465,0.8506354689598083,0.8474302887916565,0.2592974007129669,0.8537764549255371,0.792452335357666,0.786892831325531,0.33251193165779114
39,0.8872771263122559,0.8457398414611816,0.8424174785614014,0.2630680799484253,0.8332326412200928,0.7902730107307434,0.7864513993263245,0.36374297738075256
40,0.8789664506912231,0.8342639207839966,0.8318250775337219,0.2726224958896637,0.8501510620117188,0.8106865286827087,0.8059307336807251,0.34805911779403687
41,0.8838017582893372,0.842061460018158,0.8359417915344238,0.2694227993488312,0.8513595461845398,0.7973635792732239,0.7932923436164856,0.33593952655792236
42,0.8866727352142334,0.8440094590187073,0.8425918817520142,0.2542104125022888,0.8833836913108826,0.839567244052887,0.8385492563247681,0.3040580749511719
43,0.8833484649658203,0.840429425239563,0.8373172879219055,0.267006516456604,0.8743202686309814,0.8286650776863098,0.8246403336524963,0.30073732137680054
44,0.9008764028549194,0.8657383322715759,0.8642107844352722,0.24057134985923767,0.8658609986305237,0.8165284991264343,0.8141623735427856,0.30632680654525757
45,0.8924146294593811,0.8543962240219116,0.8510642647743225,0.24823236465454102,0.8628398776054382,0.8167871832847595,0.8122962713241577,0.32722583413124084
46,0.8853127956390381,0.8441153168678284,0.8415274620056152,0.2546634376049042,0.8525679707527161,0.8066555857658386,0.8010423183441162,0.34019261598587036
47,0.8949833512306213,0.8571423292160034,0.8537516593933105,0.2415882647037506,0.861027181148529,0.7953731417655945,0.7894669771194458,0.32289108633995056
48,0.8899970054626465,0.8496484160423279,0.8478374481201172,0.25411298871040344,0.8688821792602539,0.8081338405609131,0.8017773032188416,0.31395888328552246
49,0.8934723734855652,0.8550272583961487,0.8511028289794922,0.24726542830467224,0.8682779669761658,0.8053566217422485,0.7949813008308411,0.33658933639526367
50,0.898760974407196,0.8623660206794739,0.8604804277420044,0.2369103878736496,0.8537764549255371,0.7910184264183044,0.7868784666061401,0.34604230523109436
51,0.8975521326065063,0.8604933023452759,0.8576723337173462,0.23663417994976044,0.7873111963272095,0.7485709190368652,0.7403659224510193,0.4440380036830902
52,0.8869749307632446,0.8477813601493835,0.8446231484413147,0.2555263638496399,0.870090663433075,0.827308714389801,0.8224281668663025,0.3113211691379547
53,0.8883348703384399,0.847973108291626,0.8440840244293213,0.2551223635673523,0.8688821792602539,0.8254218697547913,0.8241723775863647,0.31875136494636536
54,0.8948322534561157,0.8554812073707581,0.8509783148765564,0.24513572454452515,0.8725075721740723,0.8201188445091248,0.8170313239097595,0.3214264512062073
55,0.8957388997077942,0.8584320545196533,0.8548184633255005,0.2417447417974472,0.877945601940155,0.8378806710243225,0.8353003263473511,0.32552769780158997
56,0.8967966437339783,0.8604693412780762,0.8560620546340942,0.23352114856243134,0.8737159967422485,0.8193598389625549,0.8106272220611572,0.3064955770969391
57,0.9028407335281372,0.8677765727043152,0.8660343885421753,0.2267460972070694,0.869486391544342,0.8150680065155029,0.8071914911270142,0.31035128235816956
58,0.9045028686523438,0.871334969997406,0.8692046999931335,0.2240617573261261,0.8598187565803528,0.8212629556655884,0.8149187564849854,0.32178613543510437
59,0.9014807939529419,0.8675867915153503,0.8634657263755798,0.23477771878242493,0.8731117844581604,0.8167534470558167,0.8109303116798401,0.30506426095962524
60,0.8943789601325989,0.8574337363243103,0.8531714677810669,0.2480885237455368,0.8435045480728149,0.7885709404945374,0.7840147018432617,0.38134628534317017
61,0.8930190205574036,0.8532333374023438,0.8504403233528137,0.2600322961807251,0.8628398776054382,0.8090827465057373,0.8042007684707642,0.3267732560634613
62,0.8898458480834961,0.8506448864936829,0.8475357890129089,0.2515753209590912,0.8622356653213501,0.8013932108879089,0.7949174642562866,0.3227161169052124
63,0.8967966437339783,0.8609239459037781,0.8567637801170349,0.23697905242443085,0.8725075721740723,0.8207301497459412,0.8142811059951782,0.3185862898826599
64,0.903294026851654,0.8690130114555359,0.8666262626647949,0.22434131801128387,0.8682779669761658,0.8177252411842346,0.8134093880653381,0.3224119246006012
65,0.9099425673484802,0.8797897100448608,0.8761060237884521,0.214819073677063,0.8712990880012512,0.8165369629859924,0.8116244673728943,0.324198454618454
66,0.902538537979126,0.8689285516738892,0.8639966249465942,0.21909555792808533,0.8706948757171631,0.8167802691459656,0.8108364939689636,0.3164175748825073
67,0.9094892740249634,0.8768751621246338,0.8726139068603516,0.21709710359573364,0.8773413896560669,0.8374695181846619,0.8353201746940613,0.3101528286933899
68,0.9045028686523438,0.8717007040977478,0.8680171966552734,0.2260049432516098,0.8725075721740723,0.8288721442222595,0.8252646923065186,0.32007524371147156
69,0.8989120721817017,0.8631057143211365,0.861287534236908,0.23383784294128418,0.8719033002853394,0.82303786277771,0.8154357075691223,0.32023006677627563
70,0.9125113487243652,0.8825791478157043,0.8795610666275024,0.2063882201910019,0.8719033002853394,0.8191121220588684,0.8161510229110718,0.31598445773124695
71,0.902538537979126,0.8690350651741028,0.8649506568908691,0.22202403843402863,0.8574017882347107,0.791886568069458,0.7875945568084717,0.3420087695121765
72,0.9143245816230774,0.8843088150024414,0.882796585559845,0.20559073984622955,0.8851963877677917,0.8400668501853943,0.8360357880592346,0.299372136592865
73,0.9155334234237671,0.8864046931266785,0.8814212083816528,0.20894166827201843,0.8761329054832458,0.8228171467781067,0.819092869758606,0.304859459400177
74,0.9134179353713989,0.8834649920463562,0.8813955187797546,0.20435017347335815,0.8320241570472717,0.7659927606582642,0.7560862302780151,0.44957348704338074
75,0.9040495753288269,0.870908260345459,0.8676218390464783,0.22826585173606873,0.8719033002853394,0.8276417851448059,0.8244196772575378,0.3203221559524536
76,0.8995164632797241,0.8638684749603271,0.859590470790863,0.23302748799324036,0.8640483617782593,0.799285888671875,0.7914494276046753,0.35544902086257935
77,0.9082804322242737,0.8765000104904175,0.8742517828941345,0.21534869074821472,0.8646525740623474,0.8199352025985718,0.8158044219017029,0.3224335312843323
78,0.9013296961784363,0.8667613863945007,0.8645286560058594,0.22479933500289917,0.8537764549255371,0.789929986000061,0.784507155418396,0.3736230731010437
79,0.9094892740249634,0.8781772255897522,0.8744226098060608,0.21989446878433228,0.8731117844581604,0.8180238008499146,0.8137727975845337,0.3302958011627197
80,0.9099425673484802,0.8792049884796143,0.8748496770858765,0.2090959995985031,0.8658609986305237,0.8045769333839417,0.7975676655769348,0.3259458541870117
81,0.9114536046981812,0.8803099393844604,0.8783875107765198,0.21553337574005127,0.8719033002853394,0.8224450349807739,0.8182540535926819,0.32147422432899475
82,0.912209153175354,0.8811613321304321,0.8785779476165771,0.21171391010284424,0.8628398776054382,0.8191229701042175,0.8123661279678345,0.3367616832256317
83,0.916742205619812,0.8878936767578125,0.8859857320785522,0.20278964936733246,0.8712990880012512,0.8196437954902649,0.815775990486145,0.36096134781837463
84,0.9233907461166382,0.8970553278923035,0.895257830619812,0.1867358684539795,0.8688821792602539,0.8181051015853882,0.8131506443023682,0.3188476264476776
85,0.9132668375968933,0.8831427693367004,0.8814226388931274,0.20653223991394043,0.8706948757171631,0.8234318494796753,0.8188972473144531,0.3329235911369324
86,0.9129646420478821,0.8836358189582825,0.8802128434181213,0.20209413766860962,0.8755286931991577,0.8230235576629639,0.8174629807472229,0.3412236273288727
87,0.9177999496459961,0.8894752860069275,0.8854825496673584,0.19615505635738373,0.8785498738288879,0.8292263150215149,0.8242098093032837,0.3350517451763153
88,0.9173466563224792,0.8895613551139832,0.8878057599067688,0.198225736618042,0.8749244809150696,0.8310198783874512,0.8274762034416199,0.32441478967666626
89,0.9194620847702026,0.8919516801834106,0.8879458904266357,0.19562098383903503,0.8658609986305237,0.8174336552619934,0.8123547434806824,0.33095666766166687
90,0.9135690331459045,0.8835025429725647,0.8789873123168945,0.20493675768375397,0.8676736950874329,0.8155007362365723,0.8103103637695312,0.3324233591556549
91,0.9190087914466858,0.8913214206695557,0.8889023661613464,0.18893811106681824,0.8870090842247009,0.8455816507339478,0.8419409990310669,0.32250431180000305
92,0.9206709265708923,0.8938316702842712,0.8898754119873047,0.19137950241565704,0.877945601940155,0.8330573439598083,0.8302749991416931,0.3132736384868622
93,0.9185554385185242,0.8908238410949707,0.8872683644294739,0.19404268264770508,0.8797582983970642,0.8359434008598328,0.8328189253807068,0.30807778239250183
94,0.9289815425872803,0.9045873880386353,0.9035993218421936,0.17820070683956146,0.8725075721740723,0.8216392993927002,0.8181216716766357,0.3289296627044678
95,0.9194620847702026,0.8920392394065857,0.8898959755897522,0.18810904026031494,0.8755286931991577,0.8291868567466736,0.8262795805931091,0.3156740367412567
96,0.9247506856918335,0.8987799882888794,0.8965117335319519,0.18078459799289703,0.8845921158790588,0.8393603563308716,0.835460364818573,0.3208248019218445
97,0.9188576340675354,0.891404926776886,0.8891066312789917,0.19477729499340057,0.8712990880012512,0.8266878128051758,0.825736939907074,0.41966700553894043
98,0.9090359807014465,0.8772925734519958,0.8733391761779785,0.21376635134220123,0.8580060601234436,0.8127484917640686,0.8095232844352722,0.356999009847641
99,0.9082804322242737,0.8769506216049194,0.8764424920082092,0.2081577181816101,0.8755286931991577,0.8242315649986267,0.8171650171279907,0.3235844373703003
100,0.9182532429695129,0.8897488117218018,0.8867747783660889,0.18752194941043854,0.8839879035949707,0.8439018726348877,0.8379590511322021,0.3095920979976654
101,0.9292837977409363,0.9053393006324768,0.9029562473297119,0.17281828820705414,0.8749244809150696,0.8264873623847961,0.822050154209137,0.32825520634651184
102,0.9268661141395569,0.9018250703811646,0.8992558717727661,0.18180659413337708,0.8815709948539734,0.8344589471817017,0.8300691246986389,0.3274071216583252
103,0.9165911078453064,0.887804388999939,0.885650098323822,0.19944286346435547,0.8664652705192566,0.8049420714378357,0.796981692314148,0.33434006571769714
104,0.9181021451950073,0.8898369073867798,0.8880931735038757,0.1889359951019287,0.8767371773719788,0.8229160904884338,0.8160592317581177,0.32966262102127075
105,0.9306436777114868,0.9073657989501953,0.905256986618042,0.16890175640583038,0.8604229688644409,0.8173907995223999,0.8139666318893433,0.35062673687934875
106,0.9258084297180176,0.9011470675468445,0.898213803768158,0.1770361065864563,0.8731117844581604,0.824120044708252,0.8207827806472778,0.3366459012031555
107,0.923088550567627,0.8973991870880127,0.893134593963623,0.18413937091827393,0.8640483617782593,0.8065343499183655,0.8025509715080261,0.3477528691291809
108,0.923088550567627,0.8969839215278625,0.8928410410881042,0.18276827037334442,0.8688821792602539,0.8196170926094055,0.8141685724258423,0.3362824022769928
109,0.9326080679893494,0.9095329642295837,0.9092051386833191,0.15662388503551483,0.8664652705192566,0.8138158321380615,0.8091598153114319,0.34674525260925293
110,0.9270172119140625,0.9028750061988831,0.8992938995361328,0.17166545987129211,0.8598187565803528,0.8113815784454346,0.8096045255661011,0.36159011721611023
111,0.9217286109924316,0.895564079284668,0.8933635354042053,0.17956304550170898,0.8640483617782593,0.8034929037094116,0.7975513935089111,0.3520093560218811
112,0.9304925799369812,0.9067688584327698,0.904958188533783,0.16999441385269165,0.8441087603569031,0.8009254336357117,0.7980722188949585,0.4430113434791565
113,0.9258084297180176,0.900667130947113,0.8978502750396729,0.17782644927501678,0.8785498738288879,0.8340209126472473,0.8329407572746277,0.32588228583335876
114,0.9335146546363831,0.9109306931495667,0.907800555229187,0.16203950345516205,0.8712990880012512,0.8184137940406799,0.8120753169059753,0.3531756103038788
115,0.9258084297180176,0.9011868238449097,0.8991371989250183,0.17206424474716187,0.8676736950874329,0.8188580870628357,0.8123867511749268,0.32435792684555054
116,0.9078271389007568,0.8758643269538879,0.8736255168914795,0.2145778089761734,0.8634440898895264,0.8091210722923279,0.8044599294662476,0.33279111981391907
117,0.9164400100708008,0.8874867558479309,0.8852627277374268,0.20092107355594635,0.8712990880012512,0.8258375525474548,0.8217503428459167,0.33026638627052307
118,0.9250528812408447,0.899350106716156,0.8977476358413696,0.18198883533477783,0.8561933636665344,0.788631796836853,0.7836689352989197,0.38137632608413696
119,0.9245995879173279,0.898432195186615,0.8967176079750061,0.18057164549827576,0.8773413896560669,0.8306917548179626,0.8277324438095093,0.3276402950286865
120,0.931248128414154,0.908210039138794,0.9058470726013184,0.1647091656923294,0.8616313934326172,0.7992983460426331,0.7940838932991028,0.35798683762550354
121,0.9320036172866821,0.9088695049285889,0.9062163829803467,0.1620151549577713,0.8676736950874329,0.8170421123504639,0.8113320469856262,0.35775846242904663
122,0.9381988644599915,0.9170884490013123,0.9164816737174988,0.15851962566375732,0.8827794790267944,0.8432950973510742,0.8407770991325378,0.3288031220436096
