<<<<<<< HEAD
epoch,accuracy,f1_score,get_f1,loss,val_accuracy,val_f1_score,val_get_f1,val_loss
0,0.7200060486793518,0.6322678327560425,0.630176842212677,0.5467034578323364,0.43383684754371643,0.5715587735176086,0.5654879212379456,0.8838508725166321
1,0.7727410197257996,0.6824318766593933,0.6788986921310425,0.46769386529922485,0.687613308429718,0.6766725182533264,0.6674365997314453,0.5445774793624878
2,0.7877002358436584,0.6994646787643433,0.6967451572418213,0.4358772039413452,0.8114803433418274,0.7570087909698486,0.7462126016616821,0.394544392824173
3,0.7985796332359314,0.7177637219429016,0.7143181562423706,0.4221331477165222,0.8157099485397339,0.7588927745819092,0.7531691789627075,0.3787534534931183
4,0.8108189702033997,0.7346327900886536,0.7320419549942017,0.4026794135570526,0.7558912634849548,0.7313824892044067,0.7226832509040833,0.46382448077201843
5,0.8161075711250305,0.7414484620094299,0.7390484809875488,0.3942248523235321,0.7981873154640198,0.7647882699966431,0.7565250396728516,0.39598551392555237
6,0.817014217376709,0.7432685494422913,0.7394258975982666,0.39094749093055725,0.8102719187736511,0.7718018293380737,0.7657435536384583,0.3794069290161133
7,0.8259292840957642,0.7561383843421936,0.7542502284049988,0.3709500730037689,0.8320241570472717,0.7800627946853638,0.7736145853996277,0.35441261529922485
8,0.8331822156906128,0.7661012411117554,0.7642806172370911,0.36682504415512085,0.8332326412200928,0.7722766995429993,0.7656312584877014,0.3581162095069885
9,0.8284980058670044,0.7593805193901062,0.7564122080802917,0.3669750392436981,0.8217522501945496,0.7419067621231079,0.7327517867088318,0.3758857548236847
10,0.8380175232887268,0.7723986506462097,0.7689258456230164,0.3598373234272003,0.8495468497276306,0.7862655520439148,0.7806788682937622,0.347822368144989
11,0.8464792966842651,0.7845626473426819,0.781165599822998,0.3485076129436493,0.8489425778388977,0.7970774173736572,0.7910277843475342,0.34319669008255005
12,0.8484436273574829,0.787814199924469,0.7860550284385681,0.3447156548500061,0.8247734308242798,0.7646098732948303,0.7571258544921875,0.37250837683677673
13,0.8496524691581726,0.7903051376342773,0.7888424396514893,0.33781442046165466,0.8151057362556458,0.7772921323776245,0.7687683701515198,0.3925982713699341
14,0.8476881384849548,0.7876995801925659,0.7856899499893188,0.3443621098995209,0.8447129726409912,0.7703301906585693,0.7617654204368591,0.349734902381897
15,0.8485947251319885,0.7887853980064392,0.784950315952301,0.3395528197288513,0.8471298813819885,0.7817078828811646,0.7755649089813232,0.35598355531692505
16,0.8570564985275269,0.8004214763641357,0.7983092069625854,0.3260965347290039,0.8592144846916199,0.794350802898407,0.7877102494239807,0.32552963495254517
17,0.8567543029785156,0.8015069961547852,0.7984286546707153,0.32222944498062134,0.8362537622451782,0.7773208022117615,0.7713686227798462,0.3752802312374115
18,0.8578120470046997,0.8026007413864136,0.7987757921218872,0.31997400522232056,0.8507552742958069,0.8003228306770325,0.7924091815948486,0.3389723598957062
19,0.8618918061256409,0.8083048462867737,0.8040406107902527,0.3141622841358185,0.8549848794937134,0.7853304743766785,0.779452383518219,0.3472995460033417
20,0.8643094301223755,0.811185359954834,0.8078510165214539,0.30626246333122253,0.8567975759506226,0.7922869324684143,0.7846766114234924,0.34466034173965454
21,0.8682381510734558,0.8177253007888794,0.8141450881958008,0.30247148871421814,0.8416918516159058,0.7887091636657715,0.7833486795425415,0.34265539050102234
22,0.8615896105766296,0.8094837665557861,0.8042820692062378,0.30704599618911743,0.8525679707527161,0.7935697436332703,0.7876367568969727,0.3377021849155426
23,0.8688425421714783,0.8184095025062561,0.8157973885536194,0.30079275369644165,0.8604229688644409,0.796116054058075,0.788823664188385,0.3241784870624542
24,0.8626473546028137,0.811292827129364,0.8080160021781921,0.31128382682800293,0.8404833674430847,0.8038627505302429,0.797407865524292,0.35486558079719543
25,0.8729223608970642,0.825554370880127,0.8223973512649536,0.2900277078151703,0.8507552742958069,0.7970414161682129,0.7911481261253357,0.3297848701477051
26,0.8768510222434998,0.8306664228439331,0.8270629048347473,0.28269699215888977,0.8561933636665344,0.8061883449554443,0.8000237345695496,0.32677048444747925
27,0.877153217792511,0.8318505883216858,0.8273472189903259,0.2882121503353119,0.8187311291694641,0.731663167476654,0.7197284698486328,0.417966365814209
28,0.8768510222434998,0.8297467231750488,0.8258603811264038,0.2867373526096344,0.8501510620117188,0.7987008094787598,0.7896657586097717,0.3428804576396942
29,0.8828951120376587,0.8391777276992798,0.8360763788223267,0.27845653891563416,0.861027181148529,0.8006927371025085,0.7927733063697815,0.3127904534339905
30,0.8800241947174072,0.8350638747215271,0.8307787775993347,0.27489668130874634,0.8604229688644409,0.7989551424980164,0.7915770411491394,0.3298994302749634
31,0.8789664506912231,0.8333675265312195,0.8307915925979614,0.27619919180870056,0.8447129726409912,0.7922387719154358,0.7858285903930664,0.3367876410484314
32,0.8786642551422119,0.8335056304931641,0.8324408531188965,0.2754542827606201,0.8422960638999939,0.7952936887741089,0.7873365879058838,0.34458309412002563
33,0.8815352320671082,0.8370057344436646,0.8341250419616699,0.27255353331565857,0.8471298813819885,0.8040273785591125,0.7948477268218994,0.32778581976890564
34,0.8921124339103699,0.8540469408035278,0.8509387969970703,0.25524261593818665,0.8664652705192566,0.806986391544342,0.7980458736419678,0.3341875672340393
35,0.8874282240867615,0.8448880314826965,0.8426533341407776,0.2593581974506378,0.8616313934326172,0.811211347579956,0.8050614595413208,0.3270382881164551
36,0.8841039538383484,0.8409038782119751,0.8397278189659119,0.26373565196990967,0.8422960638999939,0.7946494221687317,0.7872151136398315,0.35909906029701233
37,0.8912057876586914,0.851607084274292,0.8487887382507324,0.25452515482902527,0.8604229688644409,0.8221704363822937,0.8155689239501953,0.3314267694950104
38,0.8877304196357727,0.8470873832702637,0.8422672152519226,0.2544354200363159,0.8580060601234436,0.8020214438438416,0.7957902550697327,0.32346463203430176
39,0.8966454863548279,0.8573211431503296,0.8572195172309875,0.24323508143424988,0.8664652705192566,0.8150622844696045,0.8069982528686523,0.31597086787223816
40,0.8892414569854736,0.8481453061103821,0.8446949124336243,0.2504108250141144,0.8634440898895264,0.8091211318969727,0.8037270307540894,0.33053478598594666
41,0.8945300579071045,0.8554860353469849,0.8533185720443726,0.2469339817762375,0.8543806672096252,0.8003309369087219,0.7944483160972595,0.3476761281490326
42,0.8942278623580933,0.8560850620269775,0.8543691039085388,0.24003790318965912,0.8404833674430847,0.7671952247619629,0.7616758346557617,0.3602276146411896
43,0.9023874402046204,0.8669681549072266,0.8656824231147766,0.22927284240722656,0.8507552742958069,0.7980371713638306,0.7868834137916565,0.34646525979042053
44,0.8993653655052185,0.8638588786125183,0.8599115610122681,0.24073047935962677,0.8531721830368042,0.8166032433509827,0.8096230030059814,0.3546289801597595
45,0.8946811556816101,0.8578996062278748,0.8537121415138245,0.2459876388311386,0.8555891513824463,0.8071019649505615,0.7989051342010498,0.32820263504981995
46,0.9072227478027344,0.8730350732803345,0.8696690201759338,0.2235828936100006,0.8670694828033447,0.816053032875061,0.8077303171157837,0.3382117450237274
47,0.8998186588287354,0.8632703423500061,0.8600402474403381,0.23639722168445587,0.861027181148529,0.8154087662696838,0.8083826303482056,0.3310169577598572
48,0.9060139060020447,0.8727490305900574,0.8710432052612305,0.22478574514389038,0.8555891513824463,0.7983117699623108,0.7907092571258545,0.34909671545028687
49,0.9055606126785278,0.8718469142913818,0.8692824244499207,0.21986505389213562,0.8543806672096252,0.7986627817153931,0.7939554452896118,0.3525432050228119
50,0.9042006731033325,0.8701878190040588,0.8676537871360779,0.223557248711586,0.8084592223167419,0.7743767499923706,0.7684500813484192,0.4396793842315674
51,0.8974010348320007,0.860774576663971,0.8576186895370483,0.2385920286178589,0.8580060601234436,0.7936781644821167,0.7841580510139465,0.3452945053577423
52,0.9067693948745728,0.874363124370575,0.8717041015625,0.2196006029844284,0.8634440898895264,0.8048354387283325,0.7978808283805847,0.34634295105934143
53,0.9084315299987793,0.87576824426651,0.8728124499320984,0.21811677515506744,0.8670694828033447,0.8190783858299255,0.811478853225708,0.3249812722206116
54,0.9085826277732849,0.8756929636001587,0.8726356029510498,0.2178296148777008,0.8652567863464355,0.824822723865509,0.8207123279571533,0.33134374022483826
55,0.9078271389007568,0.8756619095802307,0.8728901147842407,0.2183367908000946,0.8495468497276306,0.794384241104126,0.7873806357383728,0.3873812258243561
56,0.9064671993255615,0.8731812238693237,0.8698375821113586,0.2223581224679947,0.8513595461845398,0.8062987327575684,0.8034012317657471,0.3771173059940338
57,0.9042006731033325,0.8699215054512024,0.8684355616569519,0.22744466364383698,0.8634440898895264,0.8171516060829163,0.8117548227310181,0.32707199454307556
58,0.9116047024726868,0.8814103603363037,0.8780314326286316,0.21444371342658997,0.8598187565803528,0.8073084354400635,0.8034699559211731,0.33294087648391724
59,0.9103958606719971,0.8780582547187805,0.8745254874229431,0.21346625685691833,0.8688821792602539,0.8156324625015259,0.8112913370132446,0.33372917771339417
60,0.8967966437339783,0.8590875864028931,0.8573004007339478,0.23882333934307098,0.8628398776054382,0.8161938190460205,0.8124799728393555,0.3518182635307312
61,0.9113025069236755,0.8794409036636353,0.87656569480896,0.21340137720108032,0.8628398776054382,0.815296471118927,0.8100900053977966,0.3373291790485382
62,0.9143245816230774,0.8831645846366882,0.8816202282905579,0.20369000732898712,0.8682779669761658,0.8253200054168701,0.8217772841453552,0.33271563053131104
63,0.9138712882995605,0.8848479390144348,0.8817558884620667,0.20382060110569,0.8628398776054382,0.8149954080581665,0.8080078363418579,0.3407980799674988
64,0.9181021451950073,0.8893421292304993,0.887323796749115,0.20270892977714539,0.8519637584686279,0.7942900657653809,0.7863558530807495,0.37415578961372375
65,0.9084315299987793,0.8762249946594238,0.8746485114097595,0.20370441675186157,0.8549848794937134,0.8058246970176697,0.8019692301750183,0.34112516045570374
66,0.9218797087669373,0.8944246172904968,0.8923985362052917,0.1950460523366928,0.8664652705192566,0.811593770980835,0.8058851957321167,0.3584311902523041
67,0.9161378145217896,0.8871257901191711,0.8846544623374939,0.19874630868434906,0.8664652705192566,0.8112719058990479,0.802678108215332,0.347563236951828
68,0.9070716500282288,0.8745660781860352,0.8698204159736633,0.21478043496608734,0.8404833674430847,0.7770264744758606,0.7698798775672913,0.3916161060333252
69,0.9129646420478821,0.8816757202148438,0.8801667094230652,0.2118273675441742,0.8592144846916199,0.8131511211395264,0.8070588707923889,0.3487839102745056
70,0.9196131825447083,0.8915166258811951,0.8892784714698792,0.1942417025566101,0.8580060601234436,0.8097161054611206,0.8049339056015015,0.3431541323661804
71,0.9199153780937195,0.8922321200370789,0.8877782225608826,0.19992555677890778,0.835045337677002,0.7680538892745972,0.762454628944397,0.37084537744522095
72,0.9135690331459045,0.8826420903205872,0.8795775175094604,0.2057487666606903,0.8586102724075317,0.8066110610961914,0.8009166717529297,0.3559194505214691
73,0.9212753176689148,0.8941267132759094,0.8921397924423218,0.19492433965206146,0.8163142204284668,0.7777771949768066,0.7716884016990662,0.4545527696609497
74,0.9117558002471924,0.8812519907951355,0.8781662583351135,0.20642733573913574,0.8640483617782593,0.8098050355911255,0.8029381632804871,0.3532446622848511
75,0.9140223860740662,0.8840426802635193,0.8808107972145081,0.20814454555511475,0.8561933636665344,0.8131862878799438,0.8077822327613831,0.36103227734565735
76,0.9100936651229858,0.879187285900116,0.8769091367721558,0.21139059960842133,0.8658609986305237,0.8112239241600037,0.8035550713539124,0.3387680649757385
77,0.9179510474205017,0.8892961144447327,0.8869792819023132,0.18756644427776337,0.8604229688644409,0.8079795241355896,0.8042596578598022,0.3473661243915558
78,0.9270172119140625,0.9020477533340454,0.9004524946212769,0.17811548709869385,0.8664652705192566,0.8159860968589783,0.8106474280357361,0.3592049181461334
79,0.9245995879173279,0.8985561728477478,0.8950054049491882,0.18334946036338806,0.8567975759506226,0.8099433183670044,0.7997883558273315,0.35639655590057373
=======
epoch,accuracy,f1_score,get_f1,loss
<<<<<<< HEAD
0,0.7289979457855225,0.6398966908454895,0.637355387210846,0.5257606506347656
1,0.7791611552238464,0.6880650520324707,0.6831925511360168,0.44315168261528015
2,0.795116662979126,0.7108983993530273,0.708248496055603,0.4240994453430176
3,0.8081711530685425,0.7305139899253845,0.7267821431159973,0.40890052914619446
4,0.8151819109916687,0.7424620389938354,0.7389289140701294,0.3935011327266693
5,0.8234014511108398,0.7507246136665344,0.7481584548950195,0.38076308369636536
6,0.8244892954826355,0.7522179484367371,0.748538076877594,0.3733833432197571
7,0.8311374187469482,0.7620502710342407,0.7595492005348206,0.36777570843696594
8,0.8345219492912292,0.7673741579055786,0.7642706632614136,0.36212462186813354
9,0.8475764393806458,0.7875310778617859,0.7849737405776978,0.3438588082790375
10,0.8379064202308655,0.7739755511283875,0.7695134282112122,0.3525153696537018
11,0.8467303514480591,0.7853025197982788,0.7825050950050354,0.3395334482192993
12,0.8437084555625916,0.7802883982658386,0.7774004936218262,0.3432595729827881
13,0.8491478562355042,0.7895441055297852,0.7882102131843567,0.3308315873146057
14,0.8484225869178772,0.786661684513092,0.7848524451255798,0.33055993914604187
15,0.8538619875907898,0.7962926626205444,0.7907719612121582,0.3325243890285492
16,0.8580926060676575,0.8028873205184937,0.8001254796981812,0.32306283712387085
17,0.8585761189460754,0.8044127225875854,0.8002800345420837,0.31243544816970825
18,0.8553124666213989,0.7984504103660583,0.79758620262146,0.32400253415107727
19,0.8588178157806396,0.8044201731681824,0.8018898367881775,0.3098961114883423
20,0.8588178157806396,0.8048123717308044,0.8019238710403442,0.3131310045719147
21,0.8692131042480469,0.8207417130470276,0.8176757097244263,0.3035376965999603
22,0.8648616075515747,0.8129177689552307,0.8108269572257996,0.3118170499801636
23,0.870663583278656,0.8226709961891174,0.819635808467865,0.29116153717041016
24,0.8669164776802063,0.8164076805114746,0.8134188652038574,0.300503671169281
25,0.8724767565727234,0.8241367936134338,0.8203340768814087,0.291439414024353
26,0.8701801300048828,0.8212378025054932,0.8171425461769104,0.2952632009983063
27,0.874048113822937,0.8275970816612244,0.8219188451766968,0.2866145670413971
28,0.8770700097084045,0.8296762108802795,0.827800452709198,0.2873210906982422
29,0.8777952194213867,0.8330300450325012,0.826326847076416,0.28293097019195557
30,0.8861356377601624,0.8435729742050171,0.8403289914131165,0.2683213949203491
31,0.887465238571167,0.8467484712600708,0.8439233899116516,0.26526856422424316
32,0.868004322052002,0.8191449642181396,0.8157521486282349,0.2932525873184204
33,0.8779160976409912,0.8326701521873474,0.8312346339225769,0.27080947160720825
34,0.8768282532691956,0.8314304351806641,0.829828143119812,0.2850198447704315
35,0.8832346200942993,0.8399597406387329,0.8362520933151245,0.2744636535644531
36,0.8810588717460632,0.8364900350570679,0.8343828916549683,0.26861172914505005
37,0.8803336024284363,0.8366870880126953,0.8339186906814575,0.27040067315101624
38,0.8701801300048828,0.8204609155654907,0.817984402179718,0.2810785472393036
39,0.8862565159797668,0.8445393443107605,0.8423979878425598,0.26124751567840576
40,0.8886740207672119,0.8482946753501892,0.8449091911315918,0.25888270139694214
41,0.8896409869194031,0.848965585231781,0.847281813621521,0.2531755268573761
42,0.8895201086997986,0.8488250970840454,0.8450238108634949,0.2584272027015686
43,0.890608012676239,0.8510282635688782,0.8493354916572571,0.2499035894870758
44,0.8886740207672119,0.8467804193496704,0.844349205493927,0.2549110949039459
45,0.8914541006088257,0.8514715433120728,0.8492874503135681,0.25018009543418884
46,0.8954430222511292,0.8576594591140747,0.8552528023719788,0.24002239108085632
47,0.8950803875923157,0.857236385345459,0.8549582958221436,0.24322204291820526
48,0.9029372930526733,0.8670305013656616,0.8643982410430908,0.23199111223220825
49,0.9020911455154419,0.866688072681427,0.8625543713569641,0.23573267459869385
=======
0,0.7289979457855225,0.6415088772773743,0.6396840214729309,0.5453198552131653
1,0.7756557464599609,0.688381016254425,0.6846708059310913,0.4609556198120117
2,0.7875015139579773,0.7026382088661194,0.6982442140579224,0.43823006749153137
3,0.7987428903579712,0.7205902934074402,0.7169050574302673,0.4148317873477936
4,0.8119182586669922,0.7365386486053467,0.7342914342880249,0.39784765243530273
5,0.8253354430198669,0.7554572224617004,0.7506920695304871,0.38896095752716064
6,0.8234014511108398,0.7520782351493835,0.7482441663742065,0.38389310240745544
7,0.8316209316253662,0.7636173367500305,0.759843111038208,0.3676638603210449
8,0.827994704246521,0.7603968977928162,0.7567157745361328,0.3709269165992737
9,0.8432249426841736,0.7790831327438354,0.7771187424659729,0.35330477356910706
10,0.8381481766700745,0.7736258506774902,0.770609974861145,0.3547712564468384
11,0.8428623080253601,0.7811443209648132,0.7769767045974731,0.3495121896266937
12,0.8395987153053284,0.7751986384391785,0.7713087797164917,0.34842219948768616
13,0.8470929265022278,0.787929117679596,0.7836217284202576,0.3347280025482178
14,0.8451589345932007,0.7841612100601196,0.7820594906806946,0.3362921178340912
15,0.8562794923782349,0.8007369637489319,0.7947983741760254,0.32253748178482056
16,0.857246458530426,0.80207759141922,0.7999793291091919,0.3153206706047058
17,0.858455240726471,0.8039506673812866,0.801202118396759,0.3131648898124695
18,0.8623232245445251,0.8087316155433655,0.8051003813743591,0.312658429145813
19,0.8670373558998108,0.8168493509292603,0.8125815391540527,0.30628514289855957
20,0.8646198511123657,0.8140765428543091,0.8106881976127625,0.3071235418319702
21,0.8665538430213928,0.8144533038139343,0.8115494251251221,0.3050649166107178
22,0.8698174953460693,0.8202898502349854,0.8170201778411865,0.29382288455963135
23,0.8690922260284424,0.820902407169342,0.8176460266113281,0.29379427433013916
24,0.8715097308158875,0.8225074410438538,0.8184229731559753,0.2889266908168793
25,0.8764656186103821,0.8307381272315979,0.828148365020752,0.28916114568710327
26,0.8773117661476135,0.8319809436798096,0.8278203010559082,0.28266066312789917
27,0.874048113822937,0.8263907432556152,0.8225343227386475,0.2825396656990051
28,0.8782787322998047,0.8328070640563965,0.8300522565841675,0.2795915901660919
29,0.8805753588676453,0.8368015885353088,0.8331317901611328,0.2663469910621643
30,0.8814215064048767,0.8367986679077148,0.8332419395446777,0.27800294756889343
31,0.88673996925354,0.8448414206504822,0.8421366810798645,0.270012229681015
32,0.8829928636550903,0.840893566608429,0.8373668193817139,0.2666833698749542
33,0.8855312466621399,0.8429774641990662,0.8391881585121155,0.26010751724243164
34,0.8886740207672119,0.8477429151535034,0.8439696431159973,0.2562096118927002
35,0.8825093507766724,0.8385913372039795,0.8365592956542969,0.27583399415016174
36,0.8873443603515625,0.8466091156005859,0.8429322838783264,0.2570194602012634
37,0.8947177529335022,0.8563886880874634,0.8508070707321167,0.2520536184310913
38,0.8950803875923157,0.857890784740448,0.85415118932724,0.24912504851818085
39,0.9001571536064148,0.8641442060470581,0.8602625131607056,0.24291735887527466
40,0.8937507271766663,0.8559247851371765,0.8512067198753357,0.23882780969142914
41,0.8962891101837158,0.859481930732727,0.8559679388999939,0.2402144968509674
42,0.9025746583938599,0.8676079511642456,0.865867555141449,0.2346808761358261
43,0.9012449979782104,0.8659992218017578,0.8627285957336426,0.2379133403301239
44,0.8958056569099426,0.857802152633667,0.8555331230163574,0.24081967771053314
45,0.9010032415390015,0.8648732900619507,0.8612126708030701,0.23227082192897797
46,0.8976187705993652,0.8616234064102173,0.858805239200592,0.23894433677196503
47,0.9052339196205139,0.870924711227417,0.8690061569213867,0.22714225947856903
48,0.9054756164550781,0.8720125555992126,0.8694705963134766,0.22675730288028717
49,0.904266893863678,0.8705877065658569,0.8680806756019592,0.22221046686172485
=======
epoch,accuracy,f1_score,get_f1,loss,val_accuracy,val_f1_score,val_get_f1,val_loss
0,0.7271078824996948,0.6355926990509033,0.6314166784286499,0.5521990060806274,0.4151057302951813,0.5651388168334961,0.5581691861152649,0.8994255065917969
1,0.7790873646736145,0.6910392045974731,0.6861376166343689,0.4613669812679291,0.6398791670799255,0.6674101948738098,0.6571180820465088,0.6459952592849731
2,0.7941976189613342,0.7072221636772156,0.7045533657073975,0.4303548038005829,0.6537764072418213,0.6771826148033142,0.6673101186752319,0.6054433584213257
3,0.7996373772621155,0.7176315188407898,0.7145622968673706,0.4186210334300995,0.8235649466514587,0.766025185585022,0.7595179677009583,0.381421834230423
4,0.8053792715072632,0.7244324684143066,0.719947338104248,0.41169241070747375,0.825981855392456,0.7639339566230774,0.7553471326828003,0.36781907081604004
5,0.8077968955039978,0.7285526394844055,0.7250681519508362,0.39763015508651733,0.8072507381439209,0.7652681469917297,0.7583160400390625,0.38435348868370056
6,0.8183741569519043,0.7422807812690735,0.7394508719444275,0.3940960764884949,0.835045337677002,0.7895138263702393,0.780674397945404,0.35061755776405334
7,0.8221517205238342,0.7496272921562195,0.7469760775566101,0.38465654850006104,0.8199395537376404,0.764240026473999,0.7532637715339661,0.38648661971092224
8,0.8301601409912109,0.7613582611083984,0.7571760416030884,0.37830066680908203,0.834441065788269,0.7531526684761047,0.7434834837913513,0.3514212965965271
9,0.8340888619422913,0.7637689113616943,0.7624433636665344,0.36627447605133057,0.8169184327125549,0.7619789838790894,0.7533254027366638,0.38669347763061523
10,0.8343910574913025,0.7671053409576416,0.763512134552002,0.3634589612483978,0.826586127281189,0.7918776273727417,0.7845459580421448,0.3764039874076843
11,0.8336355686187744,0.767769992351532,0.7635771632194519,0.3587464690208435,0.8006042242050171,0.7724133133888245,0.7627710700035095,0.3706229627132416
12,0.8393774628639221,0.7730082273483276,0.7722075581550598,0.3560570180416107,0.8247734308242798,0.7630714178085327,0.7538852691650391,0.36298149824142456
13,0.844666063785553,0.7815549373626709,0.778564989566803,0.3489212989807129,0.8477341532707214,0.7804872989654541,0.7713314294815063,0.33483633399009705
14,0.8482925295829773,0.7880957126617432,0.7873907685279846,0.3422243893146515,0.8537764549255371,0.8003295063972473,0.7941687107086182,0.32833072543144226
15,0.8442127704620361,0.7800294160842896,0.7777631878852844,0.3458019495010376,0.8453172445297241,0.7984247207641602,0.793639063835144,0.32964104413986206
16,0.8458749055862427,0.7808331847190857,0.776766300201416,0.3449374735355377,0.8241691589355469,0.784603476524353,0.7728983759880066,0.36652666330337524
17,0.854034423828125,0.7960298657417297,0.7930859327316284,0.3397616446018219,0.8489425778388977,0.8040747046470642,0.7988879680633545,0.3151492476463318
18,0.8482925295829773,0.7890750765800476,0.784805178642273,0.3361690640449524,0.8489425778388977,0.7884936332702637,0.7825109958648682,0.32430240511894226
19,0.8547899723052979,0.797128438949585,0.7932735681533813,0.32726648449897766,0.835045337677002,0.7898378372192383,0.7835582494735718,0.3462223410606384
20,0.8608340620994568,0.8047482371330261,0.8023239374160767,0.316430926322937,0.8537764549255371,0.7920957207679749,0.7817808389663696,0.32406148314476013
21,0.8585675358772278,0.8051618337631226,0.8004990816116333,0.3258015811443329,0.8453172445297241,0.7863100171089172,0.7803844809532166,0.34936031699180603
22,0.8511635065078735,0.7911803722381592,0.7873459458351135,0.3250349760055542,0.8477341532707214,0.7860775589942932,0.7781522274017334,0.3174867331981659
23,0.8603807687759399,0.805391252040863,0.8028994202613831,0.31650370359420776,0.8471298813819885,0.8070170283317566,0.7995415925979614,0.33277955651283264
24,0.8688425421714783,0.8184854984283447,0.8180824518203735,0.3085365891456604,0.8465256690979004,0.7897345423698425,0.7832337617874146,0.33025145530700684
25,0.8671804070472717,0.8156841397285461,0.8141371011734009,0.308833509683609,0.8211480379104614,0.7858171463012695,0.776337742805481,0.36798080801963806
26,0.8702024817466736,0.819953441619873,0.8160197138786316,0.300469309091568,0.8132930397987366,0.7822405695915222,0.7745196223258972,0.392965167760849
27,0.8686914443969727,0.8190709352493286,0.8173850178718567,0.29255539178848267,0.8459214568138123,0.7811153531074524,0.7737134099006653,0.33699285984039307
28,0.8618918061256409,0.806601345539093,0.8031983375549316,0.31064197421073914,0.8531721830368042,0.8097097277641296,0.8045568466186523,0.33082279562950134
29,0.873375654220581,0.8248322010040283,0.8233143091201782,0.2856474816799164,0.8441087603569031,0.8060145378112793,0.8001126050949097,0.3130592405796051
30,0.877153217792511,0.8302353620529175,0.8274661302566528,0.286811888217926,0.8519637584686279,0.8122600317001343,0.8059068918228149,0.31968992948532104
31,0.8766999244689941,0.8307750821113586,0.8279185891151428,0.2799903452396393,0.8580060601234436,0.8010155558586121,0.7952551245689392,0.29744866490364075
32,0.8789664506912231,0.8331592679023743,0.8306776881217957,0.28364863991737366,0.8138972520828247,0.7403030395507812,0.7300671339035034,0.39221659302711487
33,0.8680870532989502,0.8166345953941345,0.8160569071769714,0.30174607038497925,0.8634440898895264,0.8116661906242371,0.8018109798431396,0.28998586535453796
34,0.8795708417892456,0.8331583738327026,0.8297497034072876,0.2729690968990326,0.8513595461845398,0.7960193753242493,0.7886667847633362,0.3221110999584198
35,0.8857660889625549,0.8436073064804077,0.8406873345375061,0.26568445563316345,0.8598187565803528,0.8178958296775818,0.8121634721755981,0.31733494997024536
36,0.8694469332695007,0.8206720352172852,0.8171398639678955,0.2957688271999359,0.8574017882347107,0.8026750683784485,0.7971869707107544,0.3206340968608856
37,0.8768510222434998,0.8318542242050171,0.8306395411491394,0.2735341489315033,0.8652567863464355,0.8130757212638855,0.8074567317962646,0.3085538148880005
38,0.8815352320671082,0.8375461101531982,0.8339020609855652,0.2715451419353485,0.8543806672096252,0.8019715547561646,0.7943245768547058,0.31976118683815
39,0.8857660889625549,0.8422365784645081,0.839188277721405,0.26476940512657166,0.8622356653213501,0.8093640804290771,0.8041315078735352,0.3212011456489563
40,0.8783620595932007,0.835074245929718,0.8309709429740906,0.26482605934143066,0.8477341532707214,0.7983995079994202,0.7920634150505066,0.32239559292793274
41,0.8800241947174072,0.836085319519043,0.8330833911895752,0.26262733340263367,0.8592144846916199,0.813450276851654,0.8065772652626038,0.3199145495891571
42,0.8853127956390381,0.843536913394928,0.8413259387016296,0.2614259123802185,0.8410876393318176,0.7544346451759338,0.7475884556770325,0.357784241437912
43,0.891659140586853,0.8513984084129333,0.848788321018219,0.25239259004592896,0.8580060601234436,0.8053019046783447,0.7980759143829346,0.3319351077079773
44,0.8942278623580933,0.8547712564468384,0.8505537509918213,0.24194717407226562,0.8483383655548096,0.8117024302482605,0.8051425218582153,0.3659517765045166
45,0.8918102383613586,0.8524922728538513,0.8492128849029541,0.24725483357906342,0.8513595461845398,0.8044509887695312,0.796004056930542,0.3351897597312927
46,0.8847083449363708,0.8416021466255188,0.8396693468093872,0.2516448199748993,0.8628398776054382,0.8263192772865295,0.8203381299972534,0.3178984522819519
47,0.8952856063842773,0.8570833802223206,0.8542349338531494,0.24372293055057526,0.8634440898895264,0.8081488609313965,0.8019837737083435,0.32394105195999146
48,0.9016318917274475,0.8658003807067871,0.8651935458183289,0.22518782317638397,0.8731117844581604,0.8249995112419128,0.8207498788833618,0.3159930109977722
49,0.8967966437339783,0.8585622906684875,0.8557445406913757,0.23978829383850098,0.8501510620117188,0.8146482706069946,0.8080661296844482,0.3472041189670563
50,0.9022363424301147,0.867877721786499,0.863555908203125,0.23119498789310455,0.8217522501945496,0.7414543032646179,0.7293867468833923,0.3848315179347992
51,0.8992142677307129,0.863122820854187,0.860645592212677,0.23815558850765228,0.869486391544342,0.8328167796134949,0.8286247253417969,0.31679433584213257
52,0.9011785984039307,0.8666933178901672,0.8614692091941833,0.23193271458148956,0.869486391544342,0.8277506828308105,0.8232561945915222,0.30568450689315796
53,0.9034451246261597,0.8686531782150269,0.8667141795158386,0.2258722186088562,0.8646525740623474,0.8207994699478149,0.8156518340110779,0.3033384680747986
54,0.8966454863548279,0.8605783581733704,0.8570026755332947,0.23216865956783295,0.869486391544342,0.8255244493484497,0.8212958574295044,0.31807610392570496
55,0.9029918313026428,0.8669148683547974,0.8646352887153625,0.2296598106622696,0.8731117844581604,0.8374607563018799,0.8310614824295044,0.3153751790523529
56,0.8990631699562073,0.8627204298973083,0.8587983846664429,0.23393614590168,0.8483383655548096,0.8085426092147827,0.799414873123169,0.3708421289920807
57,0.8986098766326904,0.8630326986312866,0.8591959476470947,0.22900794446468353,0.8628398776054382,0.8134753108024597,0.8081454038619995,0.3321515619754791
58,0.9042006731033325,0.8689535856246948,0.865905225276947,0.22002775967121124,0.869486391544342,0.8280249834060669,0.8222134113311768,0.31079068779945374
59,0.9117558002471924,0.8806209564208984,0.8782825469970703,0.21109212934970856,0.8646525740623474,0.813021183013916,0.8073446750640869,0.32668811082839966
60,0.9113025069236755,0.8791429996490479,0.8754923343658447,0.21592183411121368,0.8580060601234436,0.8185322880744934,0.8066198825836182,0.33420276641845703
61,0.8970988392829895,0.8603072166442871,0.8576735854148865,0.24007032811641693,0.869486391544342,0.8274754881858826,0.8184020519256592,0.3077990412712097
62,0.9001208543777466,0.8633445501327515,0.86027592420578,0.22578737139701843,0.8598187565803528,0.8092100620269775,0.803424596786499,0.33438339829444885
63,0.9061650037765503,0.871878981590271,0.8677601218223572,0.2255607396364212,0.8706948757171631,0.8325502872467041,0.8294255137443542,0.317706435918808
64,0.9094892740249634,0.8779787421226501,0.8763872981071472,0.21330468356609344,0.8283987641334534,0.7858214974403381,0.777908980846405,0.38186827301979065
65,0.8970988392829895,0.860135018825531,0.8590252995491028,0.23490265011787415,0.870090663433075,0.8221665620803833,0.820266604423523,0.3077316880226135
66,0.9091870784759521,0.8771207332611084,0.8731107115745544,0.217430979013443,0.8725075721740723,0.8263369202613831,0.8214343786239624,0.30415675044059753
67,0.909640371799469,0.8766496777534485,0.8747335076332092,0.20917247235774994,0.8604229688644409,0.8150514960289001,0.8092594146728516,0.32774850726127625
68,0.9019341468811035,0.8674152493476868,0.8631582260131836,0.23109187185764313,0.8616313934326172,0.8057670593261719,0.7975645661354065,0.3235906958580017
69,0.9060139060020447,0.8725404739379883,0.8692330718040466,0.22397325932979584,0.8688821792602539,0.8300700187683105,0.8232660293579102,0.32024258375167847
70,0.9081293344497681,0.8757149577140808,0.8733832240104675,0.2061614841222763,0.8628398776054382,0.8173768520355225,0.8093944787979126,0.32363033294677734
71,0.9058628082275391,0.872882604598999,0.8700141906738281,0.2178644835948944,0.8737159967422485,0.8350428342819214,0.830089271068573,0.3082868158817291
72,0.9128135442733765,0.8820759057998657,0.878981351852417,0.2112182378768921,0.8682779669761658,0.818635106086731,0.8114011287689209,0.3021162748336792
73,0.9129646420478821,0.8817728161811829,0.8788095116615295,0.21105267107486725,0.8664652705192566,0.8219172954559326,0.8168014883995056,0.3134208023548126
74,0.9159867167472839,0.8862515687942505,0.8837538957595825,0.2046416699886322,0.8791540861129761,0.8402550220489502,0.8320192098617554,0.30507662892341614
75,0.9117558002471924,0.8811553120613098,0.8784821033477783,0.20431798696517944,0.8567975759506226,0.7926504015922546,0.7871649861335754,0.35734373331069946
76,0.9153822660446167,0.8855268955230713,0.8824158310890198,0.1943764090538025,0.8676736950874329,0.8235289454460144,0.8188588619232178,0.3154931962490082
77,0.9177999496459961,0.8892953395843506,0.8854304552078247,0.2009250670671463,0.8706948757171631,0.826579749584198,0.822725236415863,0.3122423589229584
78,0.9162889122962952,0.8863818049430847,0.8847070336341858,0.19499702751636505,0.870090663433075,0.8286848068237305,0.8204689621925354,0.32807886600494385
79,0.9140223860740662,0.8839007616043091,0.8805930614471436,0.20034043490886688,0.8688821792602539,0.821692168712616,0.8151031136512756,0.3274804651737213
80,0.9134179353713989,0.8826054930686951,0.8801906704902649,0.1998080164194107,0.8737159967422485,0.8302188515663147,0.8274984955787659,0.3175674378871918
81,0.9155334234237671,0.8868645429611206,0.8844994902610779,0.19249503314495087,0.8634440898895264,0.8144493699073792,0.8058057427406311,0.3270578682422638
82,0.9205197691917419,0.8919025659561157,0.8889325261116028,0.19381670653820038,0.8634440898895264,0.8129133582115173,0.8107315897941589,0.33029988408088684
83,0.9061650037765503,0.8737029433250427,0.8719584345817566,0.2143128365278244,0.861027181148529,0.8111653923988342,0.8044163584709167,0.3247121274471283
>>>>>>> f629748e564644baa2eac27ed3ef5ac5893bd649
>>>>>>> 3ebc6025cf9b3773bfa265f82637b1e8c377a247
>>>>>>> 591f4dfa50a3a4383fc6c2b71bae3165a6ccceae
